I'm sorry, but an uncaught exception occurred.

Compiling ATL code at game/script.rpy:981
  File "game/script.rpy", line 977, in script
    show a07:
Exception: Could not evaluate expression 'repeat' when compiling ATL.

-- Full Traceback ------------------------------------------------------------

Full traceback:
  File "game/script.rpy", line 977, in script
    show a07:
  File "C:\Users\Лена\Desktop\renpy-8.2.1-sdk\renpy\ast.py", line 1113, in execute
    show_imspec(self.imspec, atl=getattr(self, "atl", None))
  File "C:\Users\Лена\Desktop\renpy-8.2.1-sdk\renpy\ast.py", line 1076, in show_imspec
    renpy.config.show(name,
  File "C:\Users\Лена\Desktop\renpy-8.2.1-sdk\renpy\exports.py", line 765, in show
    sls.add(layer, img, key, zorder, behind, at_list=at_list, name=name, atl=atl, default_transform=default_transform, transient=transient)
  File "C:\Users\Лена\Desktop\renpy-8.2.1-sdk\renpy\display\scenelists.py", line 474, in add
    thing.visit_all(lambda d : None)
  File "C:\Users\Лена\Desktop\renpy-8.2.1-sdk\renpy\display\displayable.py", line 421, in visit_all
    for d in self.visit():
  File "C:\Users\Лена\Desktop\renpy-8.2.1-sdk\renpy\atl.py", line 764, in visit
    block = self.compile()
  File "C:\Users\Лена\Desktop\renpy-8.2.1-sdk\renpy\atl.py", line 671, in compile
    block = self.atl.compile(self.context)
  File "C:\Users\Лена\Desktop\renpy-8.2.1-sdk\renpy\atl.py", line 873, in compile
    statements = [ i.compile(ctx) for i in self.statements ]
  File "C:\Users\Лена\Desktop\renpy-8.2.1-sdk\renpy\atl.py", line 873, in <listcomp>
    statements = [ i.compile(ctx) for i in self.statements ]
  File "C:\Users\Лена\Desktop\renpy-8.2.1-sdk\renpy\atl.py", line 873, in compile
    statements = [ i.compile(ctx) for i in self.statements ]
  File "C:\Users\Лена\Desktop\renpy-8.2.1-sdk\renpy\atl.py", line 873, in <listcomp>
    statements = [ i.compile(ctx) for i in self.statements ]
  File "C:\Users\Лена\Desktop\renpy-8.2.1-sdk\renpy\atl.py", line 1234, in compile
    raise Exception("Could not evaluate expression %r when compiling ATL." % expr)
Exception: Could not evaluate expression 'repeat' when compiling ATL.

Windows-10-10.0.19045 AMD64
Ren'Py 8.2.1.24030407
Zdybanka 1.0
Sat Jul 27 22:47:58 2024
